0 info it worked if it ends with ok
1 verbose cli [ 'C:\\Program Files\\nodejs\\node.exe',
1 verbose cli   'C:\\Program Files\\nodejs\\node_modules\\npm\\bin\\npm-cli.js',
1 verbose cli   'install' ]
2 info using npm@3.10.10
3 info using node@v6.11.3
4 silly loadCurrentTree Starting
5 silly install loadCurrentTree
6 silly install readLocalPackageData
7 silly install normalizeTree
8 silly loadCurrentTree Finishing
9 silly loadIdealTree Starting
10 silly install loadIdealTree
11 silly cloneCurrentTree Starting
12 silly install cloneCurrentTreeToIdealTree
13 silly cloneCurrentTree Finishing
14 silly loadShrinkwrap Starting
15 silly install loadShrinkwrap
16 silly loadShrinkwrap Finishing
17 silly loadAllDepsIntoIdealTree Starting
18 silly install loadAllDepsIntoIdealTree
19 silly fetchNamedPackageData iohook
20 silly mapToRegistry name iohook
21 silly mapToRegistry using default registry
22 silly mapToRegistry registry https://registry.npmjs.org/
23 silly mapToRegistry data Result {
23 silly mapToRegistry   raw: 'iohook',
23 silly mapToRegistry   scope: null,
23 silly mapToRegistry   escapedName: 'iohook',
23 silly mapToRegistry   name: 'iohook',
23 silly mapToRegistry   rawSpec: '',
23 silly mapToRegistry   spec: 'latest',
23 silly mapToRegistry   type: 'tag' }
24 silly mapToRegistry uri https://registry.npmjs.org/iohook
25 verbose request uri https://registry.npmjs.org/iohook
26 verbose request no auth needed
27 info attempt registry request try #1 at 11:53:33 AM
28 verbose request id de5c46490ac9cf06
29 verbose etag W/"59f84868-7208"
30 verbose lastModified Tue, 31 Oct 2017 09:54:48 GMT
31 http request GET https://registry.npmjs.org/iohook
32 http 304 https://registry.npmjs.org/iohook
33 verbose headers { date: 'Mon, 20 Nov 2017 16:53:33 GMT',
33 verbose headers   via: '1.1 varnish',
33 verbose headers   'cache-control': 'max-age=300',
33 verbose headers   etag: 'W/"59f84868-7208"',
33 verbose headers   age: '0',
33 verbose headers   connection: 'keep-alive',
33 verbose headers   'x-served-by': 'cache-jfk8125-JFK',
33 verbose headers   'x-cache': 'MISS',
33 verbose headers   'x-cache-hits': '0',
33 verbose headers   'x-timer': 'S1511196814.611763,VS0,VE32',
33 verbose headers   vary: 'Accept-Encoding, Accept' }
34 silly get cb [ 304,
34 silly get   { date: 'Mon, 20 Nov 2017 16:53:33 GMT',
34 silly get     via: '1.1 varnish',
34 silly get     'cache-control': 'max-age=300',
34 silly get     etag: 'W/"59f84868-7208"',
34 silly get     age: '0',
34 silly get     connection: 'keep-alive',
34 silly get     'x-served-by': 'cache-jfk8125-JFK',
34 silly get     'x-cache': 'MISS',
34 silly get     'x-cache-hits': '0',
34 silly get     'x-timer': 'S1511196814.611763,VS0,VE32',
34 silly get     vary: 'Accept-Encoding, Accept' } ]
35 verbose etag https://registry.npmjs.org/iohook from cache
36 verbose get saving iohook to C:\Users\Kwesi\AppData\Roaming\npm-cache\registry.npmjs.org\iohook\.cache.json
37 verbose correctMkdir C:\Users\Kwesi\AppData\Roaming\npm-cache correctMkdir not in flight; initializing
38 silly resolveWithNewModule iohook@0.1.9 checking installable status
39 silly cache add args [ 'iohook@^0.1.9', null ]
40 verbose cache add spec iohook@^0.1.9
41 silly cache add parsed spec Result {
41 silly cache add   raw: 'iohook@^0.1.9',
41 silly cache add   scope: null,
41 silly cache add   escapedName: 'iohook',
41 silly cache add   name: 'iohook',
41 silly cache add   rawSpec: '^0.1.9',
41 silly cache add   spec: '>=0.1.9 <0.2.0',
41 silly cache add   type: 'range' }
42 silly addNamed iohook@>=0.1.9 <0.2.0
43 verbose addNamed ">=0.1.9 <0.2.0" is a valid semver range for iohook
44 silly addNameRange { name: 'iohook', range: '>=0.1.9 <0.2.0', hasData: false }
45 silly mapToRegistry name iohook
46 silly mapToRegistry using default registry
47 silly mapToRegistry registry https://registry.npmjs.org/
48 silly mapToRegistry data Result {
48 silly mapToRegistry   raw: 'iohook',
48 silly mapToRegistry   scope: null,
48 silly mapToRegistry   escapedName: 'iohook',
48 silly mapToRegistry   name: 'iohook',
48 silly mapToRegistry   rawSpec: '',
48 silly mapToRegistry   spec: 'latest',
48 silly mapToRegistry   type: 'tag' }
49 silly mapToRegistry uri https://registry.npmjs.org/iohook
50 verbose addNameRange registry:https://registry.npmjs.org/iohook not in flight; fetching
51 verbose get https://registry.npmjs.org/iohook not expired, no request
52 silly addNameRange number 2 { name: 'iohook', range: '>=0.1.9 <0.2.0', hasData: true }
53 silly addNameRange versions [ 'iohook',
53 silly addNameRange   [ '0.0.1',
53 silly addNameRange     '0.0.2',
53 silly addNameRange     '0.0.3',
53 silly addNameRange     '0.0.4',
53 silly addNameRange     '0.0.5',
53 silly addNameRange     '0.0.6',
53 silly addNameRange     '0.0.7',
53 silly addNameRange     '0.0.8',
53 silly addNameRange     '0.0.9',
53 silly addNameRange     '0.1.0',
53 silly addNameRange     '0.1.1',
53 silly addNameRange     '0.1.2',
53 silly addNameRange     '0.1.4',
53 silly addNameRange     '0.1.6',
53 silly addNameRange     '0.1.7',
53 silly addNameRange     '0.1.8',
53 silly addNameRange     '0.1.9' ] ]
54 silly addNamed iohook@0.1.9
55 verbose addNamed "0.1.9" is a plain semver version for iohook
56 silly cache afterAdd iohook@0.1.9
57 verbose afterAdd C:\Users\Kwesi\AppData\Roaming\npm-cache\iohook\0.1.9\package\package.json not in flight; writing
58 verbose correctMkdir C:\Users\Kwesi\AppData\Roaming\npm-cache correctMkdir not in flight; initializing
59 verbose afterAdd C:\Users\Kwesi\AppData\Roaming\npm-cache\iohook\0.1.9\package\package.json written
60 silly fetchNamedPackageData segfault-handler
61 silly mapToRegistry name segfault-handler
62 silly mapToRegistry using default registry
63 silly mapToRegistry registry https://registry.npmjs.org/
64 silly mapToRegistry data Result {
64 silly mapToRegistry   raw: 'segfault-handler',
64 silly mapToRegistry   scope: null,
64 silly mapToRegistry   escapedName: 'segfault-handler',
64 silly mapToRegistry   name: 'segfault-handler',
64 silly mapToRegistry   rawSpec: '',
64 silly mapToRegistry   spec: 'latest',
64 silly mapToRegistry   type: 'tag' }
65 silly mapToRegistry uri https://registry.npmjs.org/segfault-handler
66 verbose request uri https://registry.npmjs.org/segfault-handler
67 verbose request no auth needed
68 info attempt registry request try #1 at 11:53:34 AM
69 verbose etag W/"59b28196-2f91"
70 verbose lastModified Fri, 08 Sep 2017 11:40:06 GMT
71 http request GET https://registry.npmjs.org/segfault-handler
72 http 304 https://registry.npmjs.org/segfault-handler
73 verbose headers { date: 'Mon, 20 Nov 2017 16:53:33 GMT',
73 verbose headers   via: '1.1 varnish',
73 verbose headers   'cache-control': 'max-age=300',
73 verbose headers   etag: 'W/"59b28196-2f91"',
73 verbose headers   age: '0',
73 verbose headers   connection: 'keep-alive',
73 verbose headers   'x-served-by': 'cache-jfk8125-JFK',
73 verbose headers   'x-cache': 'MISS',
73 verbose headers   'x-cache-hits': '0',
73 verbose headers   'x-timer': 'S1511196814.994610,VS0,VE8',
73 verbose headers   vary: 'Accept-Encoding, Accept' }
74 silly get cb [ 304,
74 silly get   { date: 'Mon, 20 Nov 2017 16:53:33 GMT',
74 silly get     via: '1.1 varnish',
74 silly get     'cache-control': 'max-age=300',
74 silly get     etag: 'W/"59b28196-2f91"',
74 silly get     age: '0',
74 silly get     connection: 'keep-alive',
74 silly get     'x-served-by': 'cache-jfk8125-JFK',
74 silly get     'x-cache': 'MISS',
74 silly get     'x-cache-hits': '0',
74 silly get     'x-timer': 'S1511196814.994610,VS0,VE8',
74 silly get     vary: 'Accept-Encoding, Accept' } ]
75 verbose etag https://registry.npmjs.org/segfault-handler from cache
76 verbose get saving segfault-handler to C:\Users\Kwesi\AppData\Roaming\npm-cache\registry.npmjs.org\segfault-handler\.cache.json
77 verbose correctMkdir C:\Users\Kwesi\AppData\Roaming\npm-cache correctMkdir not in flight; initializing
78 silly resolveWithNewModule segfault-handler@1.0.0 checking installable status
79 silly cache add args [ 'segfault-handler@^1.0.0', null ]
80 verbose cache add spec segfault-handler@^1.0.0
81 silly cache add parsed spec Result {
81 silly cache add   raw: 'segfault-handler@^1.0.0',
81 silly cache add   scope: null,
81 silly cache add   escapedName: 'segfault-handler',
81 silly cache add   name: 'segfault-handler',
81 silly cache add   rawSpec: '^1.0.0',
81 silly cache add   spec: '>=1.0.0 <2.0.0',
81 silly cache add   type: 'range' }
82 silly addNamed segfault-handler@>=1.0.0 <2.0.0
83 verbose addNamed ">=1.0.0 <2.0.0" is a valid semver range for segfault-handler
84 silly addNameRange { name: 'segfault-handler',
84 silly addNameRange   range: '>=1.0.0 <2.0.0',
84 silly addNameRange   hasData: false }
85 silly mapToRegistry name segfault-handler
86 silly mapToRegistry using default registry
87 silly mapToRegistry registry https://registry.npmjs.org/
88 silly mapToRegistry data Result {
88 silly mapToRegistry   raw: 'segfault-handler',
88 silly mapToRegistry   scope: null,
88 silly mapToRegistry   escapedName: 'segfault-handler',
88 silly mapToRegistry   name: 'segfault-handler',
88 silly mapToRegistry   rawSpec: '',
88 silly mapToRegistry   spec: 'latest',
88 silly mapToRegistry   type: 'tag' }
89 silly mapToRegistry uri https://registry.npmjs.org/segfault-handler
90 verbose addNameRange registry:https://registry.npmjs.org/segfault-handler not in flight; fetching
91 verbose get https://registry.npmjs.org/segfault-handler not expired, no request
92 silly addNameRange number 2 { name: 'segfault-handler',
92 silly addNameRange   range: '>=1.0.0 <2.0.0',
92 silly addNameRange   hasData: true }
93 silly addNameRange versions [ 'segfault-handler',
93 silly addNameRange   [ '0.2.1', '0.2.2', '0.2.3', '0.2.4', '0.2.5', '1.0.0' ] ]
94 silly addNamed segfault-handler@1.0.0
95 verbose addNamed "1.0.0" is a plain semver version for segfault-handler
96 silly cache afterAdd segfault-handler@1.0.0
97 verbose afterAdd C:\Users\Kwesi\AppData\Roaming\npm-cache\segfault-handler\1.0.0\package\package.json not in flight; writing
98 verbose correctMkdir C:\Users\Kwesi\AppData\Roaming\npm-cache correctMkdir not in flight; initializing
99 verbose afterAdd C:\Users\Kwesi\AppData\Roaming\npm-cache\segfault-handler\1.0.0\package\package.json written
100 silly fetchNamedPackageData nan
101 silly mapToRegistry name nan
102 silly mapToRegistry using default registry
103 silly mapToRegistry registry https://registry.npmjs.org/
104 silly mapToRegistry data Result {
104 silly mapToRegistry   raw: 'nan',
104 silly mapToRegistry   scope: null,
104 silly mapToRegistry   escapedName: 'nan',
104 silly mapToRegistry   name: 'nan',
104 silly mapToRegistry   rawSpec: '',
104 silly mapToRegistry   spec: 'latest',
104 silly mapToRegistry   type: 'tag' }
105 silly mapToRegistry uri https://registry.npmjs.org/nan
106 verbose request uri https://registry.npmjs.org/nan
107 verbose request no auth needed
108 info attempt registry request try #1 at 11:53:34 AM
109 verbose etag W/"59eeab87-20247"
110 verbose lastModified Tue, 24 Oct 2017 02:55:03 GMT
111 http request GET https://registry.npmjs.org/nan
112 http 200 https://registry.npmjs.org/nan
113 verbose headers { server: 'nginx/1.10.1',
113 verbose headers   'content-type': 'application/json',
113 verbose headers   'last-modified': 'Wed, 15 Nov 2017 11:34:24 GMT',
113 verbose headers   etag: 'W/"5a0c2640-20c10"',
113 verbose headers   'content-encoding': 'gzip',
113 verbose headers   'cache-control': 'max-age=300',
113 verbose headers   'content-length': '15630',
113 verbose headers   'accept-ranges': 'bytes',
113 verbose headers   date: 'Mon, 20 Nov 2017 16:53:34 GMT',
113 verbose headers   via: '1.1 varnish',
113 verbose headers   age: '182',
113 verbose headers   connection: 'keep-alive',
113 verbose headers   'x-served-by': 'cache-jfk8125-JFK',
113 verbose headers   'x-cache': 'HIT',
113 verbose headers   'x-cache-hits': '3',
113 verbose headers   'x-timer': 'S1511196814.068003,VS0,VE0',
113 verbose headers   vary: 'Accept-Encoding, Accept' }
114 silly get cb [ 200,
114 silly get   { server: 'nginx/1.10.1',
114 silly get     'content-type': 'application/json',
114 silly get     'last-modified': 'Wed, 15 Nov 2017 11:34:24 GMT',
114 silly get     etag: 'W/"5a0c2640-20c10"',
114 silly get     'content-encoding': 'gzip',
114 silly get     'cache-control': 'max-age=300',
114 silly get     'content-length': '15630',
114 silly get     'accept-ranges': 'bytes',
114 silly get     date: 'Mon, 20 Nov 2017 16:53:34 GMT',
114 silly get     via: '1.1 varnish',
114 silly get     age: '182',
114 silly get     connection: 'keep-alive',
114 silly get     'x-served-by': 'cache-jfk8125-JFK',
114 silly get     'x-cache': 'HIT',
114 silly get     'x-cache-hits': '3',
114 silly get     'x-timer': 'S1511196814.068003,VS0,VE0',
114 silly get     vary: 'Accept-Encoding, Accept' } ]
115 verbose get saving nan to C:\Users\Kwesi\AppData\Roaming\npm-cache\registry.npmjs.org\nan\.cache.json
116 verbose correctMkdir C:\Users\Kwesi\AppData\Roaming\npm-cache correctMkdir not in flight; initializing
117 silly resolveWithNewModule nan@2.8.0 checking installable status
118 silly cache add args [ 'nan@^2.0.9', null ]
119 verbose cache add spec nan@^2.0.9
120 silly cache add parsed spec Result {
120 silly cache add   raw: 'nan@^2.0.9',
120 silly cache add   scope: null,
120 silly cache add   escapedName: 'nan',
120 silly cache add   name: 'nan',
120 silly cache add   rawSpec: '^2.0.9',
120 silly cache add   spec: '>=2.0.9 <3.0.0',
120 silly cache add   type: 'range' }
121 silly addNamed nan@>=2.0.9 <3.0.0
122 verbose addNamed ">=2.0.9 <3.0.0" is a valid semver range for nan
123 silly addNameRange { name: 'nan', range: '>=2.0.9 <3.0.0', hasData: false }
124 silly mapToRegistry name nan
125 silly mapToRegistry using default registry
126 silly mapToRegistry registry https://registry.npmjs.org/
127 silly mapToRegistry data Result {
127 silly mapToRegistry   raw: 'nan',
127 silly mapToRegistry   scope: null,
127 silly mapToRegistry   escapedName: 'nan',
127 silly mapToRegistry   name: 'nan',
127 silly mapToRegistry   rawSpec: '',
127 silly mapToRegistry   spec: 'latest',
127 silly mapToRegistry   type: 'tag' }
128 silly mapToRegistry uri https://registry.npmjs.org/nan
129 verbose addNameRange registry:https://registry.npmjs.org/nan not in flight; fetching
130 verbose get https://registry.npmjs.org/nan not expired, no request
131 silly addNameRange number 2 { name: 'nan', range: '>=2.0.9 <3.0.0', hasData: true }
132 silly addNameRange versions [ 'nan',
132 silly addNameRange   [ '0.3.0-wip',
132 silly addNameRange     '0.3.0-wip2',
132 silly addNameRange     '0.3.0',
132 silly addNameRange     '0.3.1',
132 silly addNameRange     '0.3.2',
132 silly addNameRange     '0.4.0',
132 silly addNameRange     '0.4.1',
132 silly addNameRange     '0.4.2',
132 silly addNameRange     '0.4.3',
132 silly addNameRange     '0.4.4',
132 silly addNameRange     '0.5.0',
132 silly addNameRange     '0.5.1',
132 silly addNameRange     '0.5.2',
132 silly addNameRange     '0.6.0',
132 silly addNameRange     '0.7.0',
132 silly addNameRange     '0.7.1',
132 silly addNameRange     '0.8.0',
132 silly addNameRange     '1.0.0',
132 silly addNameRange     '1.1.0',
132 silly addNameRange     '1.1.1',
132 silly addNameRange     '1.1.2',
132 silly addNameRange     '1.2.0',
132 silly addNameRange     '1.3.0',
132 silly addNameRange     '1.4.0',
132 silly addNameRange     '1.4.1',
132 silly addNameRange     '1.5.0',
132 silly addNameRange     '1.4.2',
132 silly addNameRange     '1.4.3',
132 silly addNameRange     '1.5.1',
132 silly addNameRange     '1.5.2',
132 silly addNameRange     '1.6.0',
132 silly addNameRange     '1.5.3',
132 silly addNameRange     '1.6.1',
132 silly addNameRange     '1.6.2',
132 silly addNameRange     '1.7.0',
132 silly addNameRange     '1.8.0',
132 silly addNameRange     '1.8.1',
132 silly addNameRange     '1.8.2',
132 silly addNameRange     '1.8.3',
132 silly addNameRange     '1.8.4',
132 silly addNameRange     '1.9.0',
132 silly addNameRange     '2.0.0',
132 silly addNameRange     '2.0.1',
132 silly addNameRange     '2.0.2',
132 silly addNameRange     '2.0.3',
132 silly addNameRange     '2.0.4',
132 silly addNameRange     '2.0.5',
132 silly addNameRange     '2.0.6',
132 silly addNameRange     '2.0.7',
132 silly addNameRange     '2.0.8',
132 silly addNameRange     '2.0.9',
132 silly addNameRange     '2.1.0',
132 silly addNameRange     '2.2.0',
132 silly addNameRange     '2.2.1',
132 silly addNameRange     '2.3.0',
132 silly addNameRange     '2.3.1',
132 silly addNameRange     '2.3.2',
132 silly addNameRange     '2.3.3',
132 silly addNameRange     '2.3.4',
132 silly addNameRange     '2.3.5',
132 silly addNameRange     '2.4.0',
132 silly addNameRange     '2.5.0',
132 silly addNameRange     '2.5.1',
132 silly addNameRange     '2.6.0',
132 silly addNameRange     '2.6.1',
132 silly addNameRange     '2.6.2',
132 silly addNameRange     '2.7.0',
132 silly addNameRange     '2.8.0' ] ]
133 silly addNamed nan@2.8.0
134 verbose addNamed "2.8.0" is a plain semver version for nan
135 silly mapToRegistry name nan
136 silly mapToRegistry using default registry
137 silly mapToRegistry registry https://registry.npmjs.org/
138 silly mapToRegistry data Result {
138 silly mapToRegistry   raw: 'nan',
138 silly mapToRegistry   scope: null,
138 silly mapToRegistry   escapedName: 'nan',
138 silly mapToRegistry   name: 'nan',
138 silly mapToRegistry   rawSpec: '',
138 silly mapToRegistry   spec: 'latest',
138 silly mapToRegistry   type: 'tag' }
139 silly mapToRegistry uri https://registry.npmjs.org/nan
140 verbose addRemoteTarball https://registry.npmjs.org/nan/-/nan-2.8.0.tgz not in flight; adding
141 verbose addRemoteTarball [ 'https://registry.npmjs.org/nan/-/nan-2.8.0.tgz',
141 verbose addRemoteTarball   'ed715f3fe9de02b57a5e6252d90a96675e1f085a' ]
142 info retry fetch attempt 1 at 11:53:34 AM
143 info attempt registry request try #1 at 11:53:34 AM
144 http fetch GET https://registry.npmjs.org/nan/-/nan-2.8.0.tgz
145 http fetch 200 https://registry.npmjs.org/nan/-/nan-2.8.0.tgz
146 silly fetchAndShaCheck shasum ed715f3fe9de02b57a5e6252d90a96675e1f085a
147 verbose addTmpTarball C:\Users\Kwesi\AppData\Local\Temp\npm-9380-0f49f0c3\registry.npmjs.org\nan\-\nan-2.8.0.tgz not in flight; adding
148 verbose addTmpTarball already have metadata; skipping unpack for nan@2.8.0
149 verbose correctMkdir C:\Users\Kwesi\AppData\Roaming\npm-cache correctMkdir not in flight; initializing
150 silly cache afterAdd nan@2.8.0
151 verbose afterAdd C:\Users\Kwesi\AppData\Roaming\npm-cache\nan\2.8.0\package\package.json not in flight; writing
152 verbose correctMkdir C:\Users\Kwesi\AppData\Roaming\npm-cache correctMkdir not in flight; initializing
153 verbose afterAdd C:\Users\Kwesi\AppData\Roaming\npm-cache\nan\2.8.0\package\package.json written
154 silly loadAllDepsIntoIdealTree Finishing
155 silly loadIdealTree Finishing
156 silly currentTree 8080emulator@1.0.0
156 silly currentTree +-- accepts@1.3.4
156 silly currentTree +-- acorn@4.0.13
156 silly currentTree +-- after@0.8.2
156 silly currentTree +-- align-text@0.1.4
156 silly currentTree +-- amdefine@1.0.1
156 silly currentTree +-- array-filter@0.0.1
156 silly currentTree +-- array-flatten@1.1.1
156 silly currentTree +-- array-map@0.0.0
156 silly currentTree +-- array-reduce@0.0.0
156 silly currentTree +-- arraybuffer.slice@0.0.6
156 silly currentTree +-- asn1.js@4.9.2
156 silly currentTree +-- assert@1.4.1
156 silly currentTree +-- astw@2.2.0
156 silly currentTree +-- async-limiter@1.0.0
156 silly currentTree +-- async@1.5.2
156 silly currentTree +-- backo2@1.0.2
156 silly currentTree +-- balanced-match@1.0.0
156 silly currentTree +-- base64-arraybuffer@0.1.5
156 silly currentTree +-- base64-js@1.2.1
156 silly currentTree +-- base64id@1.0.0
156 silly currentTree +-- better-assert@1.0.2
156 silly currentTree +-- bindings@1.3.0
156 silly currentTree +-- bl@1.2.1
156 silly currentTree +-- blob@0.0.4
156 silly currentTree +-- bn.js@4.11.8
156 silly currentTree +-- body-parser@1.18.2
156 silly currentTree +-- brace-expansion@1.1.8
156 silly currentTree +-- brorand@1.1.0
156 silly currentTree +-- browser-pack@6.0.2
156 silly currentTree +-- browser-resolve@1.11.2
156 silly currentTree | `-- resolve@1.1.7
156 silly currentTree +-- browserify-aes@1.1.1
156 silly currentTree +-- browserify-cipher@1.0.0
156 silly currentTree +-- browserify-des@1.0.0
156 silly currentTree +-- browserify-rsa@4.0.1
156 silly currentTree +-- browserify-sign@4.0.4
156 silly currentTree +-- browserify-zlib@0.2.0
156 silly currentTree +-- browserify@14.5.0
156 silly currentTree +-- buffer-xor@1.0.3
156 silly currentTree +-- buffer@5.0.8
156 silly currentTree +-- builtin-status-codes@3.0.0
156 silly currentTree +-- bytes@3.0.0
156 silly currentTree +-- cached-path-relative@1.0.1
156 silly currentTree +-- callsite@1.0.0
156 silly currentTree +-- camelcase@1.2.1
156 silly currentTree +-- center-align@0.1.3
156 silly currentTree +-- chownr@1.0.1
156 silly currentTree +-- cipher-base@1.0.4
156 silly currentTree +-- cliui@2.1.0
156 silly currentTree | `-- wordwrap@0.0.2
156 silly currentTree +-- combine-source-map@0.7.2
156 silly currentTree | `-- source-map@0.5.7
156 silly currentTree +-- component-bind@1.0.0
156 silly currentTree +-- component-emitter@1.2.1
156 silly currentTree +-- component-inherit@0.0.3
156 silly currentTree +-- concat-map@0.0.1
156 silly currentTree +-- concat-stream@1.5.2
156 silly currentTree | +-- readable-stream@2.0.6
156 silly currentTree | `-- string_decoder@0.10.31
156 silly currentTree +-- console-browserify@1.1.0
156 silly currentTree +-- constants-browserify@1.0.0
156 silly currentTree +-- content-disposition@0.5.2
156 silly currentTree +-- content-type@1.0.4
156 silly currentTree +-- convert-source-map@1.1.3
156 silly currentTree +-- cookie-signature@1.0.6
156 silly currentTree +-- cookie@0.3.1
156 silly currentTree +-- core-util-is@1.0.2
156 silly currentTree +-- create-ecdh@4.0.0
156 silly currentTree +-- create-hash@1.1.3
156 silly currentTree +-- create-hmac@1.1.6
156 silly currentTree +-- crypto-browserify@3.12.0
156 silly currentTree +-- date-now@0.1.4
156 silly currentTree +-- debug@2.6.9
156 silly currentTree +-- decamelize@1.2.0
156 silly currentTree +-- decompress-response@3.3.0
156 silly currentTree +-- defined@1.0.0
156 silly currentTree +-- depd@1.1.1
156 silly currentTree +-- deps-sort@2.0.0
156 silly currentTree +-- des.js@1.0.0
156 silly currentTree +-- destroy@1.0.4
156 silly currentTree +-- detective@4.5.0
156 silly currentTree +-- diffie-hellman@5.0.2
156 silly currentTree +-- domain-browser@1.1.7
156 silly currentTree +-- duplexer2@0.1.4
156 silly currentTree +-- ee-first@1.1.1
156 silly currentTree +-- elliptic@6.4.0
156 silly currentTree +-- encodeurl@1.0.1
156 silly currentTree +-- end-of-stream@1.4.0
156 silly currentTree +-- engine.io-client@3.1.4
156 silly currentTree | `-- ws@3.3.1
156 silly currentTree +-- engine.io-parser@2.1.1
156 silly currentTree +-- engine.io@3.1.4
156 silly currentTree | +-- accepts@1.3.3
156 silly currentTree | `-- ws@3.3.1
156 silly currentTree +-- escape-html@1.0.3
156 silly currentTree +-- etag@1.8.1
156 silly currentTree +-- events@1.1.1
156 silly currentTree +-- evp_bytestokey@1.0.3
156 silly currentTree +-- express@4.16.2
156 silly currentTree +-- finalhandler@1.1.0
156 silly currentTree +-- foreachasync@3.0.0
156 silly currentTree +-- forwarded@0.1.2
156 silly currentTree +-- fresh@0.5.2
156 silly currentTree +-- fs.realpath@1.0.0
156 silly currentTree +-- function-bind@1.1.1
156 silly currentTree +-- glob@7.1.2
156 silly currentTree +-- handlebars@4.0.5
156 silly currentTree +-- has-binary2@1.0.2
156 silly currentTree | `-- isarray@2.0.1
156 silly currentTree +-- has-cors@1.1.0
156 silly currentTree +-- has@1.0.1
156 silly currentTree +-- hash-base@2.0.2
156 silly currentTree +-- hash.js@1.1.3
156 silly currentTree +-- hbs@4.0.1
156 silly currentTree +-- hmac-drbg@1.0.1
156 silly currentTree +-- htmlescape@1.1.1
156 silly currentTree +-- http-errors@1.6.2
156 silly currentTree | `-- setprototypeof@1.0.3
156 silly currentTree +-- https-browserify@1.0.0
156 silly currentTree +-- iconv-lite@0.4.19
156 silly currentTree +-- ieee754@1.1.8
156 silly currentTree +-- indexof@0.0.1
156 silly currentTree +-- inflight@1.0.6
156 silly currentTree +-- inherits@2.0.3
156 silly currentTree +-- inline-source-map@0.6.2
156 silly currentTree | `-- source-map@0.5.7
156 silly currentTree +-- input-event@1.2.2
156 silly currentTree +-- insert-module-globals@7.0.1
156 silly currentTree +-- ipaddr.js@1.5.2
156 silly currentTree +-- is-buffer@1.1.6
156 silly currentTree +-- isarray@1.0.0
156 silly currentTree +-- json-stable-stringify@0.0.1
156 silly currentTree +-- jsonify@0.0.0
156 silly currentTree +-- jsonparse@1.3.1
156 silly currentTree +-- JSONStream@1.3.1
156 silly currentTree +-- keypress@0.2.1
156 silly currentTree +-- kind-of@3.2.2
156 silly currentTree +-- labeled-stream-splicer@2.0.0
156 silly currentTree | `-- isarray@0.0.1
156 silly currentTree +-- lazy-cache@1.0.4
156 silly currentTree +-- lexical-scope@1.2.0
156 silly currentTree +-- lodash.memoize@3.0.4
156 silly currentTree +-- longest@1.0.1
156 silly currentTree +-- md5.js@1.3.4
156 silly currentTree | `-- hash-base@3.0.4
156 silly currentTree +-- media-typer@0.3.0
156 silly currentTree +-- merge-descriptors@1.0.1
156 silly currentTree +-- methods@1.1.2
156 silly currentTree +-- miller-rabin@4.0.1
156 silly currentTree +-- mime-db@1.30.0
156 silly currentTree +-- mime-types@2.1.17
156 silly currentTree +-- mime@1.4.1
156 silly currentTree +-- mimic-response@1.0.0
156 silly currentTree +-- minimalistic-assert@1.0.0
156 silly currentTree +-- minimalistic-crypto-utils@1.0.1
156 silly currentTree +-- minimatch@3.0.4
156 silly currentTree +-- minimist@0.0.10
156 silly currentTree +-- mkdirp@0.5.1
156 silly currentTree | `-- minimist@0.0.8
156 silly currentTree +-- module-deps@4.1.1
156 silly currentTree +-- ms@2.0.0
156 silly currentTree +-- negotiator@0.6.1
156 silly currentTree +-- node-abi@2.1.2
156 silly currentTree +-- object-component@0.0.3
156 silly currentTree +-- on-finished@2.3.0
156 silly currentTree +-- once@1.4.0
156 silly currentTree +-- optimist@0.6.1
156 silly currentTree +-- os-browserify@0.3.0
156 silly currentTree +-- pako@1.0.6
156 silly currentTree +-- parents@1.0.1
156 silly currentTree +-- parse-asn1@5.1.0
156 silly currentTree +-- parseqs@0.0.5
156 silly currentTree +-- parseuri@0.0.5
156 silly currentTree +-- parseurl@1.3.2
156 silly currentTree +-- path-browserify@0.0.0
156 silly currentTree +-- path-is-absolute@1.0.1
156 silly currentTree +-- path-parse@1.0.5
156 silly currentTree +-- path-platform@0.11.15
156 silly currentTree +-- path-to-regexp@0.1.7
156 silly currentTree +-- pbkdf2@3.0.14
156 silly currentTree +-- process-nextick-args@1.0.7
156 silly currentTree +-- process@0.11.10
156 silly currentTree +-- proxy-addr@2.0.2
156 silly currentTree +-- public-encrypt@4.0.0
156 silly currentTree +-- pump@1.0.2
156 silly currentTree +-- punycode@1.4.1
156 silly currentTree +-- qs@6.5.1
156 silly currentTree +-- querystring-es3@0.2.1
156 silly currentTree +-- querystring@0.2.0
156 silly currentTree +-- randombytes@2.0.5
156 silly currentTree +-- randomfill@1.0.3
156 silly currentTree +-- range-parser@1.2.0
156 silly currentTree +-- raw-body@2.3.2
156 silly currentTree +-- read-only-stream@2.0.0
156 silly currentTree +-- readable-stream@2.3.3
156 silly currentTree +-- readline-sync@1.4.7
156 silly currentTree +-- repeat-string@1.6.1
156 silly currentTree +-- resolve@1.5.0
156 silly currentTree +-- right-align@0.1.3
156 silly currentTree +-- ripemd160@2.0.1
156 silly currentTree +-- safe-buffer@5.1.1
156 silly currentTree +-- semver@5.4.1
156 silly currentTree +-- send@0.16.1
156 silly currentTree +-- serve-static@1.13.1
156 silly currentTree +-- setprototypeof@1.1.0
156 silly currentTree +-- sha.js@2.4.9
156 silly currentTree +-- shasum@1.0.2
156 silly currentTree +-- shell-quote@1.6.1
156 silly currentTree +-- simple-concat@1.0.0
156 silly currentTree +-- simple-get@2.7.0
156 silly currentTree +-- socket.io-adapter@1.1.1
156 silly currentTree +-- socket.io-client@2.0.4
156 silly currentTree +-- socket.io-parser@3.1.2
156 silly currentTree | `-- isarray@2.0.1
156 silly currentTree +-- socket.io@2.0.4
156 silly currentTree +-- source-map@0.4.4
156 silly currentTree +-- statuses@1.3.1
156 silly currentTree +-- stream-browserify@2.0.1
156 silly currentTree +-- stream-combiner2@1.1.1
156 silly currentTree +-- stream-http@2.7.2
156 silly currentTree +-- stream-splicer@2.0.0
156 silly currentTree +-- string_decoder@1.0.3
156 silly currentTree +-- subarg@1.0.0
156 silly currentTree | `-- minimist@1.2.0
156 silly currentTree +-- syntax-error@1.3.0
156 silly currentTree +-- tar-fs@1.16.0
156 silly currentTree +-- tar-stream@1.5.5
156 silly currentTree +-- through@2.3.8
156 silly currentTree +-- through2@2.0.3
156 silly currentTree +-- timers-browserify@1.4.2
156 silly currentTree +-- to-array@0.1.4
156 silly currentTree +-- to-arraybuffer@1.0.1
156 silly currentTree +-- tty-browserify@0.0.0
156 silly currentTree +-- type-is@1.6.15
156 silly currentTree +-- typedarray@0.0.6
156 silly currentTree +-- uglify-js@2.8.29
156 silly currentTree | `-- source-map@0.5.7
156 silly currentTree +-- uglify-to-browserify@1.0.2
156 silly currentTree +-- ultron@1.1.0
156 silly currentTree +-- umd@3.0.1
156 silly currentTree +-- unpipe@1.0.0
156 silly currentTree +-- url@0.11.0
156 silly currentTree | `-- punycode@1.3.2
156 silly currentTree +-- util-deprecate@1.0.2
156 silly currentTree +-- util@0.10.3
156 silly currentTree | `-- inherits@2.0.1
156 silly currentTree +-- utils-merge@1.0.1
156 silly currentTree +-- uws@0.14.5
156 silly currentTree +-- vary@1.1.2
156 silly currentTree +-- vm-browserify@0.0.4
156 silly currentTree +-- walk@2.3.9
156 silly currentTree +-- window-size@0.1.0
156 silly currentTree +-- wordwrap@0.0.3
156 silly currentTree +-- wrappy@1.0.2
156 silly currentTree +-- ws@3.3.0
156 silly currentTree +-- xmlhttprequest-ssl@1.5.4
156 silly currentTree +-- xtend@4.0.1
156 silly currentTree +-- yargs@3.10.0
156 silly currentTree `-- yeast@0.1.2
157 silly idealTree 8080emulator@1.0.0
157 silly idealTree +-- accepts@1.3.4
157 silly idealTree +-- acorn@4.0.13
157 silly idealTree +-- after@0.8.2
157 silly idealTree +-- align-text@0.1.4
157 silly idealTree +-- amdefine@1.0.1
157 silly idealTree +-- array-filter@0.0.1
157 silly idealTree +-- array-flatten@1.1.1
157 silly idealTree +-- array-map@0.0.0
157 silly idealTree +-- array-reduce@0.0.0
157 silly idealTree +-- arraybuffer.slice@0.0.6
157 silly idealTree +-- asn1.js@4.9.2
157 silly idealTree +-- assert@1.4.1
157 silly idealTree +-- astw@2.2.0
157 silly idealTree +-- async-limiter@1.0.0
157 silly idealTree +-- async@1.5.2
157 silly idealTree +-- backo2@1.0.2
157 silly idealTree +-- balanced-match@1.0.0
157 silly idealTree +-- base64-arraybuffer@0.1.5
157 silly idealTree +-- base64-js@1.2.1
157 silly idealTree +-- base64id@1.0.0
157 silly idealTree +-- better-assert@1.0.2
157 silly idealTree +-- bindings@1.3.0
157 silly idealTree +-- bl@1.2.1
157 silly idealTree +-- blob@0.0.4
157 silly idealTree +-- bn.js@4.11.8
157 silly idealTree +-- body-parser@1.18.2
157 silly idealTree +-- brace-expansion@1.1.8
157 silly idealTree +-- brorand@1.1.0
157 silly idealTree +-- browser-pack@6.0.2
157 silly idealTree +-- browser-resolve@1.11.2
157 silly idealTree | `-- resolve@1.1.7
157 silly idealTree +-- browserify-aes@1.1.1
157 silly idealTree +-- browserify-cipher@1.0.0
157 silly idealTree +-- browserify-des@1.0.0
157 silly idealTree +-- browserify-rsa@4.0.1
157 silly idealTree +-- browserify-sign@4.0.4
157 silly idealTree +-- browserify-zlib@0.2.0
157 silly idealTree +-- browserify@14.5.0
157 silly idealTree +-- buffer-xor@1.0.3
157 silly idealTree +-- buffer@5.0.8
157 silly idealTree +-- builtin-status-codes@3.0.0
157 silly idealTree +-- bytes@3.0.0
157 silly idealTree +-- cached-path-relative@1.0.1
157 silly idealTree +-- callsite@1.0.0
157 silly idealTree +-- camelcase@1.2.1
157 silly idealTree +-- center-align@0.1.3
157 silly idealTree +-- chownr@1.0.1
157 silly idealTree +-- cipher-base@1.0.4
157 silly idealTree +-- cliui@2.1.0
157 silly idealTree | `-- wordwrap@0.0.2
157 silly idealTree +-- combine-source-map@0.7.2
157 silly idealTree | `-- source-map@0.5.7
157 silly idealTree +-- component-bind@1.0.0
157 silly idealTree +-- component-emitter@1.2.1
157 silly idealTree +-- component-inherit@0.0.3
157 silly idealTree +-- concat-map@0.0.1
157 silly idealTree +-- concat-stream@1.5.2
157 silly idealTree | +-- readable-stream@2.0.6
157 silly idealTree | `-- string_decoder@0.10.31
157 silly idealTree +-- console-browserify@1.1.0
157 silly idealTree +-- constants-browserify@1.0.0
157 silly idealTree +-- content-disposition@0.5.2
157 silly idealTree +-- content-type@1.0.4
157 silly idealTree +-- convert-source-map@1.1.3
157 silly idealTree +-- cookie-signature@1.0.6
157 silly idealTree +-- cookie@0.3.1
157 silly idealTree +-- core-util-is@1.0.2
157 silly idealTree +-- create-ecdh@4.0.0
157 silly idealTree +-- create-hash@1.1.3
157 silly idealTree +-- create-hmac@1.1.6
157 silly idealTree +-- crypto-browserify@3.12.0
157 silly idealTree +-- date-now@0.1.4
157 silly idealTree +-- debug@2.6.9
157 silly idealTree +-- decamelize@1.2.0
157 silly idealTree +-- decompress-response@3.3.0
157 silly idealTree +-- defined@1.0.0
157 silly idealTree +-- depd@1.1.1
157 silly idealTree +-- deps-sort@2.0.0
157 silly idealTree +-- des.js@1.0.0
157 silly idealTree +-- destroy@1.0.4
157 silly idealTree +-- detective@4.5.0
157 silly idealTree +-- diffie-hellman@5.0.2
157 silly idealTree +-- domain-browser@1.1.7
157 silly idealTree +-- duplexer2@0.1.4
157 silly idealTree +-- ee-first@1.1.1
157 silly idealTree +-- elliptic@6.4.0
157 silly idealTree +-- encodeurl@1.0.1
157 silly idealTree +-- end-of-stream@1.4.0
157 silly idealTree +-- engine.io-client@3.1.4
157 silly idealTree | `-- ws@3.3.1
157 silly idealTree +-- engine.io-parser@2.1.1
157 silly idealTree +-- engine.io@3.1.4
157 silly idealTree | +-- accepts@1.3.3
157 silly idealTree | `-- ws@3.3.1
157 silly idealTree +-- escape-html@1.0.3
157 silly idealTree +-- etag@1.8.1
157 silly idealTree +-- events@1.1.1
157 silly idealTree +-- evp_bytestokey@1.0.3
157 silly idealTree +-- express@4.16.2
157 silly idealTree +-- finalhandler@1.1.0
157 silly idealTree +-- foreachasync@3.0.0
157 silly idealTree +-- forwarded@0.1.2
157 silly idealTree +-- fresh@0.5.2
157 silly idealTree +-- fs.realpath@1.0.0
157 silly idealTree +-- function-bind@1.1.1
157 silly idealTree +-- glob@7.1.2
157 silly idealTree +-- handlebars@4.0.5
157 silly idealTree +-- has-binary2@1.0.2
157 silly idealTree | `-- isarray@2.0.1
157 silly idealTree +-- has-cors@1.1.0
157 silly idealTree +-- has@1.0.1
157 silly idealTree +-- hash-base@2.0.2
157 silly idealTree +-- hash.js@1.1.3
157 silly idealTree +-- hbs@4.0.1
157 silly idealTree +-- hmac-drbg@1.0.1
157 silly idealTree +-- htmlescape@1.1.1
157 silly idealTree +-- http-errors@1.6.2
157 silly idealTree | `-- setprototypeof@1.0.3
157 silly idealTree +-- https-browserify@1.0.0
157 silly idealTree +-- iconv-lite@0.4.19
157 silly idealTree +-- ieee754@1.1.8
157 silly idealTree +-- indexof@0.0.1
157 silly idealTree +-- inflight@1.0.6
157 silly idealTree +-- inherits@2.0.3
157 silly idealTree +-- inline-source-map@0.6.2
157 silly idealTree | `-- source-map@0.5.7
157 silly idealTree +-- input-event@1.2.2
157 silly idealTree +-- insert-module-globals@7.0.1
157 silly idealTree +-- iohook@0.1.9
157 silly idealTree +-- ipaddr.js@1.5.2
157 silly idealTree +-- is-buffer@1.1.6
157 silly idealTree +-- isarray@1.0.0
157 silly idealTree +-- json-stable-stringify@0.0.1
157 silly idealTree +-- jsonify@0.0.0
157 silly idealTree +-- jsonparse@1.3.1
157 silly idealTree +-- JSONStream@1.3.1
157 silly idealTree +-- keypress@0.2.1
157 silly idealTree +-- kind-of@3.2.2
157 silly idealTree +-- labeled-stream-splicer@2.0.0
157 silly idealTree | `-- isarray@0.0.1
157 silly idealTree +-- lazy-cache@1.0.4
157 silly idealTree +-- lexical-scope@1.2.0
157 silly idealTree +-- lodash.memoize@3.0.4
157 silly idealTree +-- longest@1.0.1
157 silly idealTree +-- md5.js@1.3.4
157 silly idealTree | `-- hash-base@3.0.4
157 silly idealTree +-- media-typer@0.3.0
157 silly idealTree +-- merge-descriptors@1.0.1
157 silly idealTree +-- methods@1.1.2
157 silly idealTree +-- miller-rabin@4.0.1
157 silly idealTree +-- mime-db@1.30.0
157 silly idealTree +-- mime-types@2.1.17
157 silly idealTree +-- mime@1.4.1
157 silly idealTree +-- mimic-response@1.0.0
157 silly idealTree +-- minimalistic-assert@1.0.0
157 silly idealTree +-- minimalistic-crypto-utils@1.0.1
157 silly idealTree +-- minimatch@3.0.4
157 silly idealTree +-- minimist@0.0.10
157 silly idealTree +-- mkdirp@0.5.1
157 silly idealTree | `-- minimist@0.0.8
157 silly idealTree +-- module-deps@4.1.1
157 silly idealTree +-- ms@2.0.0
157 silly idealTree +-- nan@2.8.0
157 silly idealTree +-- negotiator@0.6.1
157 silly idealTree +-- node-abi@2.1.2
157 silly idealTree +-- object-component@0.0.3
157 silly idealTree +-- on-finished@2.3.0
157 silly idealTree +-- once@1.4.0
157 silly idealTree +-- optimist@0.6.1
157 silly idealTree +-- os-browserify@0.3.0
157 silly idealTree +-- pako@1.0.6
157 silly idealTree +-- parents@1.0.1
157 silly idealTree +-- parse-asn1@5.1.0
157 silly idealTree +-- parseqs@0.0.5
157 silly idealTree +-- parseuri@0.0.5
157 silly idealTree +-- parseurl@1.3.2
157 silly idealTree +-- path-browserify@0.0.0
157 silly idealTree +-- path-is-absolute@1.0.1
157 silly idealTree +-- path-parse@1.0.5
157 silly idealTree +-- path-platform@0.11.15
157 silly idealTree +-- path-to-regexp@0.1.7
157 silly idealTree +-- pbkdf2@3.0.14
157 silly idealTree +-- process-nextick-args@1.0.7
157 silly idealTree +-- process@0.11.10
157 silly idealTree +-- proxy-addr@2.0.2
157 silly idealTree +-- public-encrypt@4.0.0
157 silly idealTree +-- pump@1.0.2
157 silly idealTree +-- punycode@1.4.1
157 silly idealTree +-- qs@6.5.1
157 silly idealTree +-- querystring-es3@0.2.1
157 silly idealTree +-- querystring@0.2.0
157 silly idealTree +-- randombytes@2.0.5
157 silly idealTree +-- randomfill@1.0.3
157 silly idealTree +-- range-parser@1.2.0
157 silly idealTree +-- raw-body@2.3.2
157 silly idealTree +-- read-only-stream@2.0.0
157 silly idealTree +-- readable-stream@2.3.3
157 silly idealTree +-- readline-sync@1.4.7
157 silly idealTree +-- repeat-string@1.6.1
157 silly idealTree +-- resolve@1.5.0
157 silly idealTree +-- right-align@0.1.3
157 silly idealTree +-- ripemd160@2.0.1
157 silly idealTree +-- safe-buffer@5.1.1
157 silly idealTree +-- segfault-handler@1.0.0
157 silly idealTree +-- semver@5.4.1
157 silly idealTree +-- send@0.16.1
157 silly idealTree +-- serve-static@1.13.1
157 silly idealTree +-- setprototypeof@1.1.0
157 silly idealTree +-- sha.js@2.4.9
157 silly idealTree +-- shasum@1.0.2
157 silly idealTree +-- shell-quote@1.6.1
157 silly idealTree +-- simple-concat@1.0.0
157 silly idealTree +-- simple-get@2.7.0
157 silly idealTree +-- socket.io-adapter@1.1.1
157 silly idealTree +-- socket.io-client@2.0.4
157 silly idealTree +-- socket.io-parser@3.1.2
157 silly idealTree | `-- isarray@2.0.1
157 silly idealTree +-- socket.io@2.0.4
157 silly idealTree +-- source-map@0.4.4
157 silly idealTree +-- statuses@1.3.1
157 silly idealTree +-- stream-browserify@2.0.1
157 silly idealTree +-- stream-combiner2@1.1.1
157 silly idealTree +-- stream-http@2.7.2
157 silly idealTree +-- stream-splicer@2.0.0
157 silly idealTree +-- string_decoder@1.0.3
157 silly idealTree +-- subarg@1.0.0
157 silly idealTree | `-- minimist@1.2.0
157 silly idealTree +-- syntax-error@1.3.0
157 silly idealTree +-- tar-fs@1.16.0
157 silly idealTree +-- tar-stream@1.5.5
157 silly idealTree +-- through@2.3.8
157 silly idealTree +-- through2@2.0.3
157 silly idealTree +-- timers-browserify@1.4.2
157 silly idealTree +-- to-array@0.1.4
157 silly idealTree +-- to-arraybuffer@1.0.1
157 silly idealTree +-- tty-browserify@0.0.0
157 silly idealTree +-- type-is@1.6.15
157 silly idealTree +-- typedarray@0.0.6
157 silly idealTree +-- uglify-js@2.8.29
157 silly idealTree | `-- source-map@0.5.7
157 silly idealTree +-- uglify-to-browserify@1.0.2
157 silly idealTree +-- ultron@1.1.0
157 silly idealTree +-- umd@3.0.1
157 silly idealTree +-- unpipe@1.0.0
157 silly idealTree +-- url@0.11.0
157 silly idealTree | `-- punycode@1.3.2
157 silly idealTree +-- util-deprecate@1.0.2
157 silly idealTree +-- util@0.10.3
157 silly idealTree | `-- inherits@2.0.1
157 silly idealTree +-- utils-merge@1.0.1
157 silly idealTree +-- uws@0.14.5
157 silly idealTree +-- vary@1.1.2
157 silly idealTree +-- vm-browserify@0.0.4
157 silly idealTree +-- walk@2.3.9
157 silly idealTree +-- window-size@0.1.0
157 silly idealTree +-- wordwrap@0.0.3
157 silly idealTree +-- wrappy@1.0.2
157 silly idealTree +-- ws@3.3.0
157 silly idealTree +-- xmlhttprequest-ssl@1.5.4
157 silly idealTree +-- xtend@4.0.1
157 silly idealTree +-- yargs@3.10.0
157 silly idealTree `-- yeast@0.1.2
158 silly generateActionsToTake Starting
159 silly install generateActionsToTake
160 silly generateActionsToTake Finishing
161 silly diffTrees action count 3
162 silly diffTrees add nan@2.8.0
163 silly diffTrees add segfault-handler@1.0.0
164 silly diffTrees add iohook@0.1.9
165 silly decomposeActions action count 24
166 silly decomposeActions fetch nan@2.8.0
167 silly decomposeActions extract nan@2.8.0
168 silly decomposeActions test nan@2.8.0
169 silly decomposeActions preinstall nan@2.8.0
170 silly decomposeActions build nan@2.8.0
171 silly decomposeActions install nan@2.8.0
172 silly decomposeActions postinstall nan@2.8.0
173 silly decomposeActions finalize nan@2.8.0
174 silly decomposeActions fetch segfault-handler@1.0.0
175 silly decomposeActions extract segfault-handler@1.0.0
176 silly decomposeActions test segfault-handler@1.0.0
177 silly decomposeActions preinstall segfault-handler@1.0.0
178 silly decomposeActions build segfault-handler@1.0.0
179 silly decomposeActions install segfault-handler@1.0.0
180 silly decomposeActions postinstall segfault-handler@1.0.0
181 silly decomposeActions finalize segfault-handler@1.0.0
182 silly decomposeActions fetch iohook@0.1.9
183 silly decomposeActions extract iohook@0.1.9
184 silly decomposeActions test iohook@0.1.9
185 silly decomposeActions preinstall iohook@0.1.9
186 silly decomposeActions build iohook@0.1.9
187 silly decomposeActions install iohook@0.1.9
188 silly decomposeActions postinstall iohook@0.1.9
189 silly decomposeActions finalize iohook@0.1.9
190 silly runTopLevelLifecycles Starting
191 silly install runPreinstallTopLevelLifecycles
192 silly preinstall 8080emulator@1.0.0 C:\Users\Kwesi\Desktop\Code\8080Emulator\8080emulator-5fa8b733
193 info lifecycle 8080emulator@1.0.0~preinstall: 8080emulator@1.0.0
194 silly lifecycle 8080emulator@1.0.0~preinstall: no script for preinstall, continuing
195 silly executeActions Starting
196 silly install executeActions
197 silly doSerial global-install 0
198 silly doParallel fetch 3
199 verbose correctMkdir C:\Users\Kwesi\AppData\Roaming\npm-cache\_locks correctMkdir not in flight; initializing
200 verbose lock using C:\Users\Kwesi\AppData\Roaming\npm-cache\_locks\staging-88b633c53367fd23.lock for C:\Users\Kwesi\Desktop\Code\8080Emulator\node_modules\.staging
201 silly doParallel extract 3
202 silly extract nan@2.8.0
203 silly extract segfault-handler@1.0.0
204 silly extract iohook@0.1.9
205 verbose unbuild node_modules\.staging\iohook-82d0c9b6
206 verbose unbuild node_modules\.staging\nan-b574733f
207 verbose unbuild node_modules\.staging\segfault-handler-31441d2f
208 silly gentlyRm C:\Users\Kwesi\Desktop\Code\8080Emulator\node_modules\.staging\iohook-82d0c9b6 is being purged from base C:\Users\Kwesi\Desktop\Code\8080Emulator
209 verbose gentlyRm don't care about contents; nuking C:\Users\Kwesi\Desktop\Code\8080Emulator\node_modules\.staging\iohook-82d0c9b6
210 silly gentlyRm C:\Users\Kwesi\Desktop\Code\8080Emulator\node_modules\.staging\nan-b574733f is being purged from base C:\Users\Kwesi\Desktop\Code\8080Emulator
211 verbose gentlyRm don't care about contents; nuking C:\Users\Kwesi\Desktop\Code\8080Emulator\node_modules\.staging\nan-b574733f
212 silly gentlyRm C:\Users\Kwesi\Desktop\Code\8080Emulator\node_modules\.staging\segfault-handler-31441d2f is being purged from base C:\Users\Kwesi\Desktop\Code\8080Emulator
213 verbose gentlyRm don't care about contents; nuking C:\Users\Kwesi\Desktop\Code\8080Emulator\node_modules\.staging\segfault-handler-31441d2f
214 verbose tar unpack C:\Users\Kwesi\AppData\Roaming\npm-cache\iohook\0.1.9\package.tgz
215 verbose tar unpacking to C:\Users\Kwesi\Desktop\Code\8080Emulator\node_modules\.staging\iohook-82d0c9b6
216 silly gentlyRm C:\Users\Kwesi\Desktop\Code\8080Emulator\node_modules\.staging\iohook-82d0c9b6 is being purged
217 verbose gentlyRm don't care about contents; nuking C:\Users\Kwesi\Desktop\Code\8080Emulator\node_modules\.staging\iohook-82d0c9b6
218 verbose tar unpack C:\Users\Kwesi\AppData\Roaming\npm-cache\nan\2.8.0\package.tgz
219 verbose tar unpacking to C:\Users\Kwesi\Desktop\Code\8080Emulator\node_modules\.staging\nan-b574733f
220 silly gentlyRm C:\Users\Kwesi\Desktop\Code\8080Emulator\node_modules\.staging\nan-b574733f is being purged
221 verbose gentlyRm don't care about contents; nuking C:\Users\Kwesi\Desktop\Code\8080Emulator\node_modules\.staging\nan-b574733f
222 verbose tar unpack C:\Users\Kwesi\AppData\Roaming\npm-cache\segfault-handler\1.0.0\package.tgz
223 verbose tar unpacking to C:\Users\Kwesi\Desktop\Code\8080Emulator\node_modules\.staging\segfault-handler-31441d2f
224 silly gentlyRm C:\Users\Kwesi\Desktop\Code\8080Emulator\node_modules\.staging\segfault-handler-31441d2f is being purged
225 verbose gentlyRm don't care about contents; nuking C:\Users\Kwesi\Desktop\Code\8080Emulator\node_modules\.staging\segfault-handler-31441d2f
226 silly gunzTarPerm modes [ '777', '666' ]
227 silly gunzTarPerm modes [ '777', '666' ]
228 silly gunzTarPerm modes [ '777', '666' ]
229 silly gunzTarPerm extractEntry package.json
230 silly gunzTarPerm modified mode [ 'package.json', 420, 438 ]
231 silly gunzTarPerm extractEntry package.json
232 silly gunzTarPerm modified mode [ 'package.json', 436, 438 ]
233 silly gunzTarPerm extractEntry package.json
234 silly gunzTarPerm extractEntry .npmignore
235 silly gunzTarPerm modified mode [ '.npmignore', 420, 438 ]
236 silly gunzTarPerm extractEntry README.md
237 silly gunzTarPerm modified mode [ 'README.md', 420, 438 ]
238 silly gunzTarPerm extractEntry README.md
239 silly gunzTarPerm modified mode [ 'README.md', 436, 438 ]
240 silly gunzTarPerm extractEntry .npmignore
241 silly gunzTarPerm extractEntry README.md
242 silly gunzTarPerm extractEntry include_dirs.js
243 silly gunzTarPerm modified mode [ 'include_dirs.js', 436, 438 ]
244 silly gunzTarPerm extractEntry LICENSE
245 silly gunzTarPerm modified mode [ 'LICENSE', 420, 438 ]
246 silly gunzTarPerm extractEntry support.js
247 silly gunzTarPerm modified mode [ 'support.js', 420, 438 ]
248 silly gunzTarPerm extractEntry example.js
249 silly gunzTarPerm extractEntry index.js
250 silly gunzTarPerm extractEntry nan_converters_43_inl.h
251 silly gunzTarPerm modified mode [ 'nan_converters_43_inl.h', 436, 438 ]
252 silly gunzTarPerm extractEntry LICENSE.md
253 silly gunzTarPerm modified mode [ 'LICENSE.md', 436, 438 ]
254 silly gunzTarPerm extractEntry doc/new.md
255 silly gunzTarPerm modified mode [ 'doc/new.md', 436, 438 ]
256 silly gunzTarPerm extractEntry doc/asyncworker.md
257 silly gunzTarPerm modified mode [ 'doc/asyncworker.md', 436, 438 ]
258 silly gunzTarPerm extractEntry install.js
259 silly gunzTarPerm modified mode [ 'install.js', 420, 438 ]
260 silly gunzTarPerm extractEntry index.js
261 silly gunzTarPerm modified mode [ 'index.js', 420, 438 ]
262 silly gunzTarPerm extractEntry example.js
263 silly gunzTarPerm modified mode [ 'example.js', 420, 438 ]
264 silly gunzTarPerm extractEntry build.js
265 silly gunzTarPerm modified mode [ 'build.js', 420, 438 ]
266 silly gunzTarPerm extractEntry .idea/misc.xml
267 silly gunzTarPerm modified mode [ '.idea/misc.xml', 420, 438 ]
268 silly gunzTarPerm extractEntry .idea/codeStyleSettings.xml
269 silly gunzTarPerm modified mode [ '.idea/codeStyleSettings.xml', 420, 438 ]
270 silly gunzTarPerm extractEntry .idea/iohook.iml
271 silly gunzTarPerm modified mode [ '.idea/iohook.iml', 420, 438 ]
272 silly gunzTarPerm extractEntry .idea/jsLibraryMappings.xml
273 silly gunzTarPerm modified mode [ '.idea/jsLibraryMappings.xml', 420, 438 ]
274 silly gunzTarPerm extractEntry .idea/encodings.xml
275 silly gunzTarPerm modified mode [ '.idea/encodings.xml', 420, 438 ]
276 silly gunzTarPerm extractEntry .idea/modules.xml
277 silly gunzTarPerm modified mode [ '.idea/modules.xml', 420, 438 ]
278 silly gunzTarPerm extractEntry .idea/serialmonitor_settings.xml
279 silly gunzTarPerm modified mode [ '.idea/serialmonitor_settings.xml', 420, 438 ]
280 silly gunzTarPerm extractEntry .idea/vcs.xml
281 silly gunzTarPerm modified mode [ '.idea/vcs.xml', 420, 438 ]
282 silly gunzTarPerm extractEntry .idea/watcherTasks.xml
283 silly gunzTarPerm modified mode [ '.idea/watcherTasks.xml', 420, 438 ]
284 silly gunzTarPerm extractEntry .idea/workspace.xml
285 silly gunzTarPerm modified mode [ '.idea/workspace.xml', 420, 438 ]
286 silly gunzTarPerm extractEntry appveyor.yml
287 silly gunzTarPerm modified mode [ 'appveyor.yml', 420, 438 ]
288 silly gunzTarPerm extractEntry CMakeLists.txt
289 silly gunzTarPerm modified mode [ 'CMakeLists.txt', 420, 438 ]
290 silly gunzTarPerm extractEntry .travis.yml
291 silly gunzTarPerm modified mode [ '.travis.yml', 420, 438 ]
292 silly gunzTarPerm extractEntry src/iohook.cc
293 silly gunzTarPerm modified mode [ 'src/iohook.cc', 420, 438 ]
294 silly gunzTarPerm extractEntry src/iohook.h
295 silly gunzTarPerm modified mode [ 'src/iohook.h', 420, 438 ]
296 silly gunzTarPerm extractEntry includes/StackWalker.h
297 silly gunzTarPerm extractEntry Versions.md
298 silly gunzTarPerm extractEntry binding.gyp
299 silly gunzTarPerm extractEntry stacktrace-1324759871-67926.log
300 silly gunzTarPerm extractEntry src/StackWalker.cpp
301 silly gunzTarPerm extractEntry src/segfault-handler.cpp
302 silly gunzTarPerm extractEntry stacktrace-1443043538-11880.log
303 silly gunzTarPerm extractEntry doc/callback.md
304 silly gunzTarPerm modified mode [ 'doc/callback.md', 436, 438 ]
305 silly gunzTarPerm extractEntry doc/converters.md
306 silly gunzTarPerm modified mode [ 'doc/converters.md', 436, 438 ]
307 silly gunzTarPerm extractEntry doc/errors.md
308 silly gunzTarPerm modified mode [ 'doc/errors.md', 436, 438 ]
309 silly gunzTarPerm extractEntry doc/json.md
310 silly gunzTarPerm modified mode [ 'doc/json.md', 436, 438 ]
311 silly gunzTarPerm extractEntry doc/maybe_types.md
312 silly gunzTarPerm modified mode [ 'doc/maybe_types.md', 436, 438 ]
313 silly gunzTarPerm extractEntry doc/methods.md
314 silly gunzTarPerm modified mode [ 'doc/methods.md', 436, 438 ]
315 silly gunzTarPerm extractEntry doc/buffers.md
316 silly gunzTarPerm modified mode [ 'doc/buffers.md', 436, 438 ]
317 silly gunzTarPerm extractEntry doc/node_misc.md
318 silly gunzTarPerm modified mode [ 'doc/node_misc.md', 436, 438 ]
319 silly gunzTarPerm extractEntry doc/object_wrappers.md
320 silly gunzTarPerm modified mode [ 'doc/object_wrappers.md', 436, 438 ]
321 silly gunzTarPerm extractEntry doc/persistent.md
322 silly gunzTarPerm modified mode [ 'doc/persistent.md', 436, 438 ]
323 silly gunzTarPerm extractEntry doc/scopes.md
324 silly gunzTarPerm modified mode [ 'doc/scopes.md', 436, 438 ]
325 silly gunzTarPerm extractEntry doc/script.md
326 silly gunzTarPerm modified mode [ 'doc/script.md', 436, 438 ]
327 silly gunzTarPerm extractEntry doc/string_bytes.md
328 silly gunzTarPerm modified mode [ 'doc/string_bytes.md', 436, 438 ]
329 silly gunzTarPerm extractEntry doc/v8_internals.md
330 silly gunzTarPerm modified mode [ 'doc/v8_internals.md', 436, 438 ]
331 silly gunzTarPerm extractEntry doc/v8_misc.md
332 silly gunzTarPerm modified mode [ 'doc/v8_misc.md', 436, 438 ]
333 silly gunzTarPerm extractEntry nan.h
334 silly gunzTarPerm modified mode [ 'nan.h', 436, 438 ]
335 silly gunzTarPerm extractEntry nan_callbacks.h
336 silly gunzTarPerm modified mode [ 'nan_callbacks.h', 436, 438 ]
337 silly gunzTarPerm extractEntry nan_callbacks_12_inl.h
338 silly gunzTarPerm modified mode [ 'nan_callbacks_12_inl.h', 436, 438 ]
339 silly gunzTarPerm extractEntry nan_callbacks_pre_12_inl.h
340 silly gunzTarPerm modified mode [ 'nan_callbacks_pre_12_inl.h', 436, 438 ]
341 silly gunzTarPerm extractEntry nan_converters.h
342 silly gunzTarPerm modified mode [ 'nan_converters.h', 436, 438 ]
343 silly gunzTarPerm extractEntry nan_converters_pre_43_inl.h
344 silly gunzTarPerm modified mode [ 'nan_converters_pre_43_inl.h', 436, 438 ]
345 silly gunzTarPerm extractEntry nan_implementation_12_inl.h
346 silly gunzTarPerm modified mode [ 'nan_implementation_12_inl.h', 436, 438 ]
347 silly gunzTarPerm extractEntry nan_implementation_pre_12_inl.h
348 silly gunzTarPerm modified mode [ 'nan_implementation_pre_12_inl.h', 436, 438 ]
349 silly gunzTarPerm extractEntry nan_json.h
350 silly gunzTarPerm modified mode [ 'nan_json.h', 436, 438 ]
351 silly gunzTarPerm extractEntry nan_maybe_43_inl.h
352 silly gunzTarPerm modified mode [ 'nan_maybe_43_inl.h', 436, 438 ]
353 silly gunzTarPerm extractEntry nan_maybe_pre_43_inl.h
354 silly gunzTarPerm modified mode [ 'nan_maybe_pre_43_inl.h', 436, 438 ]
355 silly gunzTarPerm extractEntry nan_new.h
356 silly gunzTarPerm modified mode [ 'nan_new.h', 436, 438 ]
357 silly gentlyRm C:\Users\Kwesi\Desktop\Code\8080Emulator\node_modules\.staging\segfault-handler-31441d2f\node_modules is being purged
358 verbose gentlyRm don't care about contents; nuking C:\Users\Kwesi\Desktop\Code\8080Emulator\node_modules\.staging\segfault-handler-31441d2f\node_modules
359 silly gunzTarPerm extractEntry nan_object_wrap.h
360 silly gunzTarPerm modified mode [ 'nan_object_wrap.h', 436, 438 ]
361 silly gunzTarPerm extractEntry nan_persistent_12_inl.h
362 silly gunzTarPerm modified mode [ 'nan_persistent_12_inl.h', 436, 438 ]
363 silly gunzTarPerm extractEntry nan_persistent_pre_12_inl.h
364 silly gunzTarPerm modified mode [ 'nan_persistent_pre_12_inl.h', 436, 438 ]
365 silly gunzTarPerm extractEntry nan_private.h
366 silly gunzTarPerm modified mode [ 'nan_private.h', 436, 438 ]
367 silly gunzTarPerm extractEntry nan_string_bytes.h
368 silly gunzTarPerm modified mode [ 'nan_string_bytes.h', 436, 438 ]
369 silly gunzTarPerm extractEntry nan_typedarray_contents.h
370 silly gunzTarPerm modified mode [ 'nan_typedarray_contents.h', 436, 438 ]
371 silly gunzTarPerm extractEntry nan_weak.h
372 silly gunzTarPerm modified mode [ 'nan_weak.h', 436, 438 ]
373 silly gunzTarPerm extractEntry CHANGELOG.md
374 silly gunzTarPerm modified mode [ 'CHANGELOG.md', 436, 438 ]
375 silly gunzTarPerm extractEntry tools/package.json
376 silly gunzTarPerm modified mode [ 'tools/package.json', 436, 438 ]
377 silly gunzTarPerm extractEntry tools/README.md
378 silly gunzTarPerm modified mode [ 'tools/README.md', 436, 438 ]
379 silly gunzTarPerm extractEntry tools/1to2.js
380 silly gunzTarPerm modified mode [ 'tools/1to2.js', 509, 511 ]
381 silly gentlyRm C:\Users\Kwesi\Desktop\Code\8080Emulator\node_modules\.staging\iohook-82d0c9b6\node_modules is being purged
382 verbose gentlyRm don't care about contents; nuking C:\Users\Kwesi\Desktop\Code\8080Emulator\node_modules\.staging\iohook-82d0c9b6\node_modules
383 silly gentlyRm C:\Users\Kwesi\Desktop\Code\8080Emulator\node_modules\.staging\nan-b574733f\node_modules is being purged
384 verbose gentlyRm don't care about contents; nuking C:\Users\Kwesi\Desktop\Code\8080Emulator\node_modules\.staging\nan-b574733f\node_modules
385 silly doParallel preinstall 3
386 silly preinstall nan@2.8.0 C:\Users\Kwesi\Desktop\Code\8080Emulator\node_modules\.staging\nan-b574733f
387 info lifecycle nan@2.8.0~preinstall: nan@2.8.0
388 silly preinstall segfault-handler@1.0.0 C:\Users\Kwesi\Desktop\Code\8080Emulator\node_modules\.staging\segfault-handler-31441d2f
389 info lifecycle segfault-handler@1.0.0~preinstall: segfault-handler@1.0.0
390 silly preinstall iohook@0.1.9 C:\Users\Kwesi\Desktop\Code\8080Emulator\node_modules\.staging\iohook-82d0c9b6
391 info lifecycle iohook@0.1.9~preinstall: iohook@0.1.9
392 silly lifecycle nan@2.8.0~preinstall: no script for preinstall, continuing
393 silly lifecycle segfault-handler@1.0.0~preinstall: no script for preinstall, continuing
394 silly lifecycle iohook@0.1.9~preinstall: no script for preinstall, continuing
395 silly doReverseSerial remove 0
396 silly doSerial move 0
397 silly doSerial finalize 3
398 silly finalize C:\Users\Kwesi\Desktop\Code\8080Emulator\node_modules\nan
399 silly finalize C:\Users\Kwesi\Desktop\Code\8080Emulator\node_modules\segfault-handler
400 silly finalize C:\Users\Kwesi\Desktop\Code\8080Emulator\node_modules\iohook
401 silly doSerial build 3
402 silly build nan@2.8.0
403 info linkStuff nan@2.8.0
404 silly linkStuff nan@2.8.0 has C:\Users\Kwesi\Desktop\Code\8080Emulator\node_modules as its parent node_modules
405 verbose linkBins nan@2.8.0
406 verbose linkMans nan@2.8.0
407 silly build segfault-handler@1.0.0
408 info linkStuff segfault-handler@1.0.0
409 silly linkStuff segfault-handler@1.0.0 has C:\Users\Kwesi\Desktop\Code\8080Emulator\node_modules as its parent node_modules
410 verbose linkBins segfault-handler@1.0.0
411 verbose linkMans segfault-handler@1.0.0
412 silly build iohook@0.1.9
413 info linkStuff iohook@0.1.9
414 silly linkStuff iohook@0.1.9 has C:\Users\Kwesi\Desktop\Code\8080Emulator\node_modules as its parent node_modules
415 verbose linkBins iohook@0.1.9
416 verbose linkMans iohook@0.1.9
417 silly doSerial global-link 0
418 silly doParallel update-linked 0
419 silly doSerial install 3
420 silly install nan@2.8.0 C:\Users\Kwesi\Desktop\Code\8080Emulator\node_modules\.staging\nan-b574733f
421 info lifecycle nan@2.8.0~install: nan@2.8.0
422 silly lifecycle nan@2.8.0~install: no script for install, continuing
423 silly install segfault-handler@1.0.0 C:\Users\Kwesi\Desktop\Code\8080Emulator\node_modules\.staging\segfault-handler-31441d2f
424 info lifecycle segfault-handler@1.0.0~install: segfault-handler@1.0.0
425 verbose lifecycle segfault-handler@1.0.0~install: unsafe-perm in lifecycle true
426 verbose lifecycle segfault-handler@1.0.0~install: PATH: C:\Program Files\nodejs\node_modules\npm\bin\node-gyp-bin;C:\Users\Kwesi\Desktop\Code\8080Emulator\node_modules\segfault-handler\node_modules\.bin;C:\Users\Kwesi\Desktop\Code\8080Emulator\node_modules\.bin;C:\Users\Kwesi\bin;C:\Program Files\Git\mingw64\bin;C:\Program Files\Git\usr\local\bin;C:\Program Files\Git\usr\bin;C:\Program Files\Git\usr\bin;C:\Program Files\Git\mingw64\bin;C:\Program Files\Git\usr\bin;C:\Users\Kwesi\bin;C:\Program Files (x86)\CambridgeSoft\ChemOffice2015\ChemScript\Lib;C:\ProgramData\Oracle\Java\javapath;C:\WINDOWS\system32;C:\WINDOWS;C:\WINDOWS\System32\Wbem;C:\WINDOWS\System32\WindowsPowerShell\v1.0;C:\Program Files (x86)\Skype\Phone;C:\MinGW\bin;C:\Program Files\MATLAB\R2017a\runtime\win64;C:\Program Files\MATLAB\R2017a\bin;C:\Program Files\MATLAB\MATLAB Production Server\R2015a\runtime\win64;C:\Program Files\MATLAB\MATLAB Production Server\R2015a\bin;C:\Program Files\MATLAB\MATLAB Production Server\R2015a\polyspace\bin;C:\Program Files\Git\cmd;C:\Program Files\nodejs;C:\Users\Kwesi\AppData\Local\Programs\Python\Python35\Scripts;C:\Users\Kwesi\AppData\Local\Programs\Python\Python35;C:\Program Files (x86)\CambridgeSoft\ChemOffice2015\ChemScript\Lib;C:\ProgramData\Oracle\Java\javapath;C:\WINDOWS\system32;C:\WINDOWS;C:\WINDOWS\System32\Wbem;C:\WINDOWS\System32\WindowsPowerShell\v1.0;C:\Program Files (x86)\Skype\Phone;C:\MinGW\bin;C:\Python27;C:\Python27\Scripts;C:\Users\Kwesi\AppData\Local\Programs\EmEditor;C:\Users\Kwesi\AppData\Local\Microsoft\WindowsApps;C:\Users\Kwesi\AppData\Local\Programs\MiKTeX 2.9\miktex\bin\x64;C:\Program Files\Java\jdk1.8.0_121\bin;C:\Program Files\Java\jre1.8.0_121\bin;C:\Users\Kwesi\AppData\Roaming\npm;C:\Program Files\Hexdump;C:\Program Files\Git\usr\bin\vendor_perl;C:\Program Files\Git\usr\bin\core_perl
427 verbose lifecycle segfault-handler@1.0.0~install: CWD: C:\Users\Kwesi\Desktop\Code\8080Emulator\node_modules\segfault-handler
428 silly lifecycle segfault-handler@1.0.0~install: Args: [ '/d /s /c', 'node-gyp rebuild' ]
429 silly lifecycle segfault-handler@1.0.0~install: Returned: code: 1  signal: null
430 info lifecycle segfault-handler@1.0.0~install: Failed to exec install script
431 verbose unlock done using C:\Users\Kwesi\AppData\Roaming\npm-cache\_locks\staging-88b633c53367fd23.lock for C:\Users\Kwesi\Desktop\Code\8080Emulator\node_modules\.staging
432 silly rollbackFailedOptional Starting
433 silly rollbackFailedOptional Finishing
434 silly runTopLevelLifecycles Finishing
435 silly install printInstalled
436 verbose stack Error: segfault-handler@1.0.0 install: `node-gyp rebuild`
436 verbose stack Exit status 1
436 verbose stack     at EventEmitter.<anonymous> (C:\Program Files\nodejs\node_modules\npm\lib\utils\lifecycle.js:255:16)
436 verbose stack     at emitTwo (events.js:106:13)
436 verbose stack     at EventEmitter.emit (events.js:191:7)
436 verbose stack     at ChildProcess.<anonymous> (C:\Program Files\nodejs\node_modules\npm\lib\utils\spawn.js:40:14)
436 verbose stack     at emitTwo (events.js:106:13)
436 verbose stack     at ChildProcess.emit (events.js:191:7)
436 verbose stack     at maybeClose (internal/child_process.js:920:16)
436 verbose stack     at Process.ChildProcess._handle.onexit (internal/child_process.js:230:5)
437 verbose pkgid segfault-handler@1.0.0
438 verbose cwd C:\Users\Kwesi\Desktop\Code\8080Emulator
439 error Windows_NT 10.0.16299
440 error argv "C:\\Program Files\\nodejs\\node.exe" "C:\\Program Files\\nodejs\\node_modules\\npm\\bin\\npm-cli.js" "install"
441 error node v6.11.3
442 error npm  v3.10.10
443 error code ELIFECYCLE
444 error segfault-handler@1.0.0 install: `node-gyp rebuild`
444 error Exit status 1
445 error Failed at the segfault-handler@1.0.0 install script 'node-gyp rebuild'.
445 error Make sure you have the latest version of node.js and npm installed.
445 error If you do, this is most likely a problem with the segfault-handler package,
445 error not with npm itself.
445 error Tell the author that this fails on your system:
445 error     node-gyp rebuild
445 error You can get information on how to open an issue for this project with:
445 error     npm bugs segfault-handler
445 error Or if that isn't available, you can get their info via:
445 error     npm owner ls segfault-handler
445 error There is likely additional logging output above.
446 verbose exit [ 1, true ]
